Determining if the pthread_create exist failed with the following output:
Change Dir: /home/jinzhao/catkin_ws4/build/CMakeFiles/CMakeTmp

Run Build Command:"/usr/bin/make" "cmTC_ff9e5/fast"
/usr/bin/make -f CMakeFiles/cmTC_ff9e5.dir/build.make CMakeFiles/cmTC_ff9e5.dir/build
make[1]: Entering directory '/home/jinzhao/catkin_ws4/build/CMakeFiles/CMakeTmp'
Building C object CMakeFiles/cmTC_ff9e5.dir/CheckSymbolExists.c.o
/usr/bin/cc     -o CMakeFiles/cmTC_ff9e5.dir/CheckSymbolExists.c.o   -c /home/jinzhao/catkin_ws4/build/CMakeFiles/CMakeTmp/CheckSymbolExists.c
Linking C executable cmTC_ff9e5
/usr/bin/cmake -E cmake_link_script CMakeFiles/cmTC_ff9e5.dir/link.txt --verbose=1
/usr/bin/cc       CMakeFiles/cmTC_ff9e5.dir/CheckSymbolExists.c.o  -o cmTC_ff9e5 -rdynamic 
CMakeFiles/cmTC_ff9e5.dir/CheckSymbolExists.c.o: In function `main':
CheckSymbolExists.c:(.text+0x16): undefined reference to `pthread_create'
collect2: error: ld returned 1 exit status
CMakeFiles/cmTC_ff9e5.dir/build.make:97: recipe for target 'cmTC_ff9e5' failed
make[1]: *** [cmTC_ff9e5] Error 1
make[1]: Leaving directory '/home/jinzhao/catkin_ws4/build/CMakeFiles/CMakeTmp'
Makefile:126: recipe for target 'cmTC_ff9e5/fast' failed
make: *** [cmTC_ff9e5/fast] Error 2

File /home/jinzhao/catkin_ws4/build/CMakeFiles/CMakeTmp/CheckSymbolExists.c:
/* */
#include <pthread.h>

int main(int argc, char** argv)
{
  (void)argv;
#ifndef pthread_create
  return ((int*)(&pthread_create))[argc];
#else
  (void)argc;
  return 0;
#endif
}

Determining if the function pthread_create exists in the pthreads failed with the following output:
Change Dir: /home/jinzhao/catkin_ws4/build/CMakeFiles/CMakeTmp

Run Build Command:"/usr/bin/make" "cmTC_17c35/fast"
/usr/bin/make -f CMakeFiles/cmTC_17c35.dir/build.make CMakeFiles/cmTC_17c35.dir/build
make[1]: Entering directory '/home/jinzhao/catkin_ws4/build/CMakeFiles/CMakeTmp'
Building C object CMakeFiles/cmTC_17c35.dir/CheckFunctionExists.c.o
/usr/bin/cc    -DCHECK_FUNCTION_EXISTS=pthread_create   -o CMakeFiles/cmTC_17c35.dir/CheckFunctionExists.c.o   -c /usr/share/cmake-3.5/Modules/CheckFunctionExists.c
Linking C executable cmTC_17c35
/usr/bin/cmake -E cmake_link_script CMakeFiles/cmTC_17c35.dir/link.txt --verbose=1
/usr/bin/cc   -DCHECK_FUNCTION_EXISTS=pthread_create    CMakeFiles/cmTC_17c35.dir/CheckFunctionExists.c.o  -o cmTC_17c35 -rdynamic -lpthreads 
/usr/bin/ld: cannot find -lpthreads
collect2: error: ld returned 1 exit status
CMakeFiles/cmTC_17c35.dir/build.make:97: recipe for target 'cmTC_17c35' failed
make[1]: *** [cmTC_17c35] Error 1
make[1]: Leaving directory '/home/jinzhao/catkin_ws4/build/CMakeFiles/CMakeTmp'
Makefile:126: recipe for target 'cmTC_17c35/fast' failed
make: *** [cmTC_17c35/fast] Error 2


